[32mDEBUG[90m::list_apps::17:30:55 - Found 23 apps
[32mDEBUG[90m::list_apps::17:30:57 - Found 23 apps
[33mWARNING[90m::get_jkmr_other_site_visits::17:31:07 - Could not find 'Other' site visits for JKMR record: 36a1f5e3-10ef-44a0-9989-22f443fca05e
[32mINFO[90m::main::17:31:07 - JKMR record has no 'Other' site visits, skipping...
[33mWARNING[90m::get_jkmr_other_site_visits::17:31:07 - Could not find 'Other' site visits for JKMR record: ab983729-8645-4e29-8fd3-2158263b9ea5
[32mINFO[90m::main::17:31:07 - JKMR record has no 'Other' site visits, skipping...
[33mWARNING[90m::get_jkmr_other_site_visits::17:31:07 - Could not find 'Other' site visits for JKMR record: f65637fe-44dd-4846-938b-37a32f26c781
[32mINFO[90m::main::17:31:07 - JKMR record has no 'Other' site visits, skipping...
[33mWARNING[90m::get_jkmr_other_site_visits::17:31:07 - Could not find 'Other' site visits for JKMR record: 3f3a28e2-7c2f-4146-a94e-69f93424b1eb
[32mINFO[90m::main::17:31:07 - JKMR record has no 'Other' site visits, skipping...
[33mWARNING[90m::get_jkmr_other_site_visits::17:31:07 - Could not find 'Other' site visits for JKMR record: 62a46fd8-8ccf-4e0d-843d-08233b79b2f6
[32mINFO[90m::main::17:31:07 - JKMR record has no 'Other' site visits, skipping...
[33mWARNING[90m::get_jkmr_other_site_visits::17:31:07 - Could not find 'Other' site visits for JKMR record: 4012dce8-0e19-4338-86c1-07be4b1dcb00
[32mINFO[90m::main::17:31:07 - JKMR record has no 'Other' site visits, skipping...
[33mWARNING[90m::get_jkmr_other_site_visits::17:31:07 - Could not find 'Other' site visits for JKMR record: 2417f65a-6673-4659-85ce-637302e61563
[32mINFO[90m::main::17:31:07 - JKMR record has no 'Other' site visits, skipping...
[33mWARNING[90m::get_jkmr_other_site_visits::17:31:07 - Could not find 'Other' site visits for JKMR record: a1798202-98a5-4c9a-ad96-f934aafc1696
[32mINFO[90m::main::17:31:07 - JKMR record has no 'Other' site visits, skipping...
[33mWARNING[90m::get_jkmr_other_site_visits::17:31:07 - Could not find 'Other' site visits for JKMR record: 0bc320d4-3532-49eb-b74f-792d646d39f5
[32mINFO[90m::main::17:31:07 - JKMR record has no 'Other' site visits, skipping...
[33mWARNING[90m::get_jkmr_other_site_visits::17:31:07 - Could not find 'Other' site visits for JKMR record: e79b0d63-c8cd-481c-bd60-0f0e95464b64
[32mINFO[90m::main::17:31:07 - JKMR record has no 'Other' site visits, skipping...
[33mWARNING[90m::get_jkmr_other_site_visits::17:31:07 - Could not find 'Other' site visits for JKMR record: 050c3d23-1322-48c5-9611-1dc7fa0db49c
[32mINFO[90m::main::17:31:07 - JKMR record has no 'Other' site visits, skipping...
[33mWARNING[90m::get_jkmr_other_site_visits::17:31:07 - Could not find 'Other' site visits for JKMR record: 37b088dd-c0aa-4e59-bb4b-a4ef423ef31a
[32mINFO[90m::main::17:31:07 - JKMR record has no 'Other' site visits, skipping...
[33mWARNING[90m::get_jkmr_other_site_visits::17:31:07 - Could not find 'Other' site visits for JKMR record: dcb815b4-3a4c-4a5c-8b15-730bb1aed705
[32mINFO[90m::main::17:31:07 - JKMR record has no 'Other' site visits, skipping...
[33mWARNING[90m::get_jkmr_other_site_visits::17:31:07 - Could not find 'Other' site visits for JKMR record: 10b9c15a-2cca-4d3d-9f85-cfb9d662dbee
[32mINFO[90m::main::17:31:07 - JKMR record has no 'Other' site visits, skipping...
[33mWARNING[90m::get_jkmr_other_site_visits::17:31:07 - Could not find 'Other' site visits for JKMR record: 84b0fdde-b047-406a-bf33-622d6fc722c2
[32mINFO[90m::main::17:31:07 - JKMR record has no 'Other' site visits, skipping...
[33mWARNING[90m::get_jkmr_other_site_visits::17:31:07 - Could not find 'Other' site visits for JKMR record: c499c82b-cab1-4f42-9d91-f3a25c1d6984
[32mINFO[90m::main::17:31:07 - JKMR record has no 'Other' site visits, skipping...
[33mWARNING[90m::get_jkmr_other_site_visits::17:31:07 - Could not find 'Other' site visits for JKMR record: 2cecb56f-29b7-4923-9e76-6f68e3013ffd
[32mINFO[90m::main::17:31:07 - JKMR record has no 'Other' site visits, skipping...
[33mWARNING[90m::get_jkmr_other_site_visits::17:31:07 - Could not find 'Other' site visits for JKMR record: 84969532-9aab-48d3-a4c8-50489a2776f6
[32mINFO[90m::main::17:31:07 - JKMR record has no 'Other' site visits, skipping...
[33mWARNING[90m::get_jkmr_other_site_visits::17:31:07 - Could not find 'Other' site visits for JKMR record: 2c502157-982f-4c8d-aeca-0db5aed371e4
[32mINFO[90m::main::17:31:07 - JKMR record has no 'Other' site visits, skipping...
[33mWARNING[90m::get_jkmr_other_site_visits::17:31:07 - Could not find 'Other' site visits for JKMR record: 55147ac8-d094-451c-8366-c627c18e9cfc
[32mINFO[90m::main::17:31:07 - JKMR record has no 'Other' site visits, skipping...
[33mWARNING[90m::get_jkmr_other_site_visits::17:31:07 - Could not find 'Other' site visits for JKMR record: 6b2825dc-4d03-4aa3-8c90-db0c156c414d
[32mINFO[90m::main::17:31:07 - JKMR record has no 'Other' site visits, skipping...
[33mWARNING[90m::get_jkmr_other_site_visits::17:31:07 - Could not find 'Other' site visits for JKMR record: 43e8bb64-5192-43c6-a04c-4015555db853
[32mINFO[90m::main::17:31:07 - JKMR record has no 'Other' site visits, skipping...
[33mWARNING[90m::get_jkmr_other_site_visits::17:31:07 - Could not find 'Other' site visits for JKMR record: ba71f805-4f34-4093-8380-633ceb929cf4
[32mINFO[90m::main::17:31:07 - JKMR record has no 'Other' site visits, skipping...
[33mWARNING[90m::get_jkmr_other_site_visits::17:31:07 - Could not find 'Other' site visits for JKMR record: b3b11c13-3dab-48e7-94e4-fb11397cf228
[32mINFO[90m::main::17:31:07 - JKMR record has no 'Other' site visits, skipping...
[33mWARNING[90m::get_jkmr_other_site_visits::17:31:07 - Could not find 'Other' site visits for JKMR record: 4d8fb451-c2ed-487e-b9f9-6833b828d345
[32mINFO[90m::main::17:31:07 - JKMR record has no 'Other' site visits, skipping...
[33mWARNING[90m::get_jkmr_other_site_visits::17:31:07 - Could not find 'Other' site visits for JKMR record: 44c791e6-6ea7-4687-858c-d513c877e26c
[32mINFO[90m::main::17:31:07 - JKMR record has no 'Other' site visits, skipping...
[33mWARNING[90m::get_jkmr_other_site_visits::17:31:07 - Could not find 'Other' site visits for JKMR record: 1ebcfb40-5550-4d20-9655-a86ae82e5ba2
[32mINFO[90m::main::17:31:07 - JKMR record has no 'Other' site visits, skipping...
[33mWARNING[90m::get_jkmr_other_site_visits::17:31:07 - Could not find 'Other' site visits for JKMR record: 7f1ad57f-1801-48ee-a8f5-b3882b52a0f3
[32mINFO[90m::main::17:31:07 - JKMR record has no 'Other' site visits, skipping...
[33mWARNING[90m::get_jkmr_other_site_visits::17:31:07 - Could not find 'Other' site visits for JKMR record: 1edc0344-e804-4e91-829e-b6dcc492c5fe
[32mINFO[90m::main::17:31:07 - JKMR record has no 'Other' site visits, skipping...
[33mWARNING[90m::get_jkmr_other_site_visits::17:31:07 - Could not find 'Other' site visits for JKMR record: 002ddfa9-44d8-4842-a986-c60d571797eb
[32mINFO[90m::main::17:31:07 - JKMR record has no 'Other' site visits, skipping...
[33mWARNING[90m::get_jkmr_other_site_visits::17:31:07 - Could not find 'Other' site visits for JKMR record: 792fbca1-2609-479b-ae28-517752fb4c0a
[32mINFO[90m::main::17:31:07 - JKMR record has no 'Other' site visits, skipping...
[33mWARNING[90m::get_jkmr_other_site_visits::17:31:07 - Could not find 'Other' site visits for JKMR record: 2f9fae17-4b32-4f9a-a97b-7d39b0eb6717
[32mINFO[90m::main::17:31:07 - JKMR record has no 'Other' site visits, skipping...
[33mWARNING[90m::get_jkmr_other_site_visits::17:31:07 - Could not find 'Other' site visits for JKMR record: 255cc746-7370-455d-83b6-ec50e41876be
[32mINFO[90m::main::17:31:07 - JKMR record has no 'Other' site visits, skipping...
[33mWARNING[90m::get_jkmr_other_site_visits::17:31:07 - Could not find 'Other' site visits for JKMR record: ca5a2ea2-5676-4243-9f2f-d33a14132a17
[32mINFO[90m::main::17:31:07 - JKMR record has no 'Other' site visits, skipping...
[33mWARNING[90m::get_jkmr_other_site_visits::17:31:07 - Could not find 'Other' site visits for JKMR record: 186050b4-ce7a-4a15-b8fc-d1379e7707a4
[32mINFO[90m::main::17:31:07 - JKMR record has no 'Other' site visits, skipping...
[33mWARNING[90m::get_jkmr_other_site_visits::17:31:07 - Could not find 'Other' site visits for JKMR record: 506da182-27e2-4741-a018-f14105c68c66
[32mINFO[90m::main::17:31:07 - JKMR record has no 'Other' site visits, skipping...
[33mWARNING[90m::get_jkmr_other_site_visits::17:31:07 - Could not find 'Other' site visits for JKMR record: 567e7b8e-21d1-4418-9bf6-758eb23bf8d5
[32mINFO[90m::main::17:31:07 - JKMR record has no 'Other' site visits, skipping...
[33mWARNING[90m::get_jkmr_other_site_visits::17:31:07 - Could not find 'Other' site visits for JKMR record: 10c17b8f-5602-4512-a667-23d421fbfef2
[32mINFO[90m::main::17:31:07 - JKMR record has no 'Other' site visits, skipping...
[33mWARNING[90m::get_jkmr_other_site_visits::17:31:07 - Could not find 'Other' site visits for JKMR record: 20567e01-fb46-4390-95c3-9e6e533e420f
[32mINFO[90m::main::17:31:07 - JKMR record has no 'Other' site visits, skipping...
[33mWARNING[90m::get_jkmr_other_site_visits::17:31:07 - Could not find 'Other' site visits for JKMR record: 3d408534-994e-4677-b845-844fc79dfc28
[32mINFO[90m::main::17:31:07 - JKMR record has no 'Other' site visits, skipping...
[33mWARNING[90m::get_jkmr_other_site_visits::17:31:07 - Could not find 'Other' site visits for JKMR record: 28c93a5d-3f93-48d2-aa40-6da7f0ebbf5c
[32mINFO[90m::main::17:31:07 - JKMR record has no 'Other' site visits, skipping...
[33mWARNING[90m::get_jkmr_other_site_visits::17:31:07 - Could not find 'Other' site visits for JKMR record: e7f5f7e5-bbe9-4bfa-824c-30be308ee82e
[32mINFO[90m::main::17:31:07 - JKMR record has no 'Other' site visits, skipping...
[33mWARNING[90m::get_jkmr_other_site_visits::17:31:07 - Could not find 'Other' site visits for JKMR record: 109cb7e1-a237-4b00-865b-1be939641643
[32mINFO[90m::main::17:31:07 - JKMR record has no 'Other' site visits, skipping...
[33mWARNING[90m::get_jkmr_other_site_visits::17:31:07 - Could not find 'Other' site visits for JKMR record: 21f35d9f-2975-4e0c-b532-9fe53217dc70
[32mINFO[90m::main::17:31:07 - JKMR record has no 'Other' site visits, skipping...
[33mWARNING[90m::get_jkmr_other_site_visits::17:31:07 - Could not find 'Other' site visits for JKMR record: d9cd2e15-9c87-44d1-a6ed-4295c820922b
[32mINFO[90m::main::17:31:07 - JKMR record has no 'Other' site visits, skipping...
[33mWARNING[90m::get_jkmr_other_site_visits::17:31:07 - Could not find 'Other' site visits for JKMR record: 3f5ea252-8022-4dfe-b46f-0c12cf1bef75
[32mINFO[90m::main::17:31:07 - JKMR record has no 'Other' site visits, skipping...
[33mWARNING[90m::get_jkmr_other_site_visits::17:31:07 - Could not find 'Other' site visits for JKMR record: 9fab51cf-bba2-475c-ad40-f40fd3dd3b01
[32mINFO[90m::main::17:31:07 - JKMR record has no 'Other' site visits, skipping...
[33mWARNING[90m::get_jkmr_other_site_visits::17:31:07 - Could not find 'Other' site visits for JKMR record: bc41fb69-5caa-418d-9829-22742ff48139
[32mINFO[90m::main::17:31:07 - JKMR record has no 'Other' site visits, skipping...
[33mWARNING[90m::get_jkmr_other_site_visits::17:31:07 - Could not find 'Other' site visits for JKMR record: e1bad1ff-070d-4c56-b7e1-433bc4892329
[32mINFO[90m::main::17:31:07 - JKMR record has no 'Other' site visits, skipping...
[33mWARNING[90m::get_jkmr_other_site_visits::17:31:07 - Could not find 'Other' site visits for JKMR record: 25a2ce3c-a775-4b29-8998-9b4909cffcff
[32mINFO[90m::main::17:31:07 - JKMR record has no 'Other' site visits, skipping...
[33mWARNING[90m::get_jkmr_other_site_visits::17:31:07 - Could not find 'Other' site visits for JKMR record: 6e4bf62f-0342-4147-a1d7-6a75ffbe9864
[32mINFO[90m::main::17:31:07 - JKMR record has no 'Other' site visits, skipping...
[33mWARNING[90m::get_jkmr_other_site_visits::17:31:07 - Could not find 'Other' site visits for JKMR record: 64906641-c564-424c-9db4-3823a359a895
[32mINFO[90m::main::17:31:07 - JKMR record has no 'Other' site visits, skipping...
[33mWARNING[90m::get_jkmr_other_site_visits::17:31:07 - Could not find 'Other' site visits for JKMR record: 767af616-b81b-4eb7-bbf7-7100338c0ddd
[32mINFO[90m::main::17:31:07 - JKMR record has no 'Other' site visits, skipping...
[33mWARNING[90m::get_jkmr_other_site_visits::17:31:07 - Could not find 'Other' site visits for JKMR record: dd633f86-7dc7-4319-9566-746246e0c8fe
[32mINFO[90m::main::17:31:07 - JKMR record has no 'Other' site visits, skipping...
[33mWARNING[90m::get_jkmr_other_site_visits::17:31:07 - Could not find 'Other' site visits for JKMR record: ab00bc5f-c963-4ec5-a1a7-1eeb1ba1e735
[32mINFO[90m::main::17:31:07 - JKMR record has no 'Other' site visits, skipping...
[33mWARNING[90m::get_jkmr_other_site_visits::17:31:07 - Could not find 'Other' site visits for JKMR record: 9540aa1f-0c78-4baa-ac88-58ced16c9e7f
[32mINFO[90m::main::17:31:07 - JKMR record has no 'Other' site visits, skipping...
[33mWARNING[90m::get_jkmr_other_site_visits::17:31:07 - Could not find 'Other' site visits for JKMR record: c758e8a9-a3b7-499a-ac5e-3c16d2505a0e
[32mINFO[90m::main::17:31:07 - JKMR record has no 'Other' site visits, skipping...
[33mWARNING[90m::get_jkmr_other_site_visits::17:31:07 - Could not find 'Other' site visits for JKMR record: 97a54933-b3be-4a4f-bfab-8c9d0e24c7a1
[32mINFO[90m::main::17:31:07 - JKMR record has no 'Other' site visits, skipping...
[33mWARNING[90m::get_jkmr_other_site_visits::17:31:07 - Could not find 'Other' site visits for JKMR record: 1a5fdebe-0971-4747-b3f2-17be0b1b1da5
[32mINFO[90m::main::17:31:07 - JKMR record has no 'Other' site visits, skipping...
[33mWARNING[90m::get_jkmr_other_site_visits::17:31:07 - Could not find 'Other' site visits for JKMR record: 2837c7ba-1dca-44f2-bc5f-c43f2f223091
[32mINFO[90m::main::17:31:07 - JKMR record has no 'Other' site visits, skipping...
[33mWARNING[90m::get_jkmr_other_site_visits::17:31:07 - Could not find 'Other' site visits for JKMR record: 7a11d538-99b1-49b7-95a1-51553e2cbd73
[32mINFO[90m::main::17:31:07 - JKMR record has no 'Other' site visits, skipping...
[33mWARNING[90m::get_jkmr_other_site_visits::17:31:07 - Could not find 'Other' site visits for JKMR record: 83f5301d-1ef8-4e03-8a0d-dc2a81cbaff9
[32mINFO[90m::main::17:31:07 - JKMR record has no 'Other' site visits, skipping...
[33mWARNING[90m::get_jkmr_other_site_visits::17:31:07 - Could not find 'Other' site visits for JKMR record: 92205b44-c540-4ca9-aa9b-b4a69a413c09
[32mINFO[90m::main::17:31:07 - JKMR record has no 'Other' site visits, skipping...
[33mWARNING[90m::get_jkmr_other_site_visits::17:31:07 - Could not find 'Other' site visits for JKMR record: 12d7aebb-11b0-48d8-9fe8-ea73da6d9bbf
[32mINFO[90m::main::17:31:07 - JKMR record has no 'Other' site visits, skipping...
[33mWARNING[90m::get_jkmr_other_site_visits::17:31:07 - Could not find 'Other' site visits for JKMR record: dff44567-655c-4670-af73-b001909c1ddf
[32mINFO[90m::main::17:31:07 - JKMR record has no 'Other' site visits, skipping...
[33mWARNING[90m::get_jkmr_other_site_visits::17:31:07 - Could not find 'Other' site visits for JKMR record: 31338fd7-e185-46bd-9719-389e2009019d
[32mINFO[90m::main::17:31:07 - JKMR record has no 'Other' site visits, skipping...
[33mWARNING[90m::get_jkmr_other_site_visits::17:31:07 - Could not find 'Other' site visits for JKMR record: b6a9f3b9-ad3a-47d0-a2e6-d3afc27df877
[32mINFO[90m::main::17:31:07 - JKMR record has no 'Other' site visits, skipping...
[33mWARNING[90m::get_jkmr_other_site_visits::17:31:07 - Could not find 'Other' site visits for JKMR record: d6dabd88-563b-4eea-afbb-c61343c7ac84
[32mINFO[90m::main::17:31:07 - JKMR record has no 'Other' site visits, skipping...
[33mWARNING[90m::get_jkmr_other_site_visits::17:31:07 - Could not find 'Other' site visits for JKMR record: 6d1402fe-c765-4920-a52a-b3e8951ff800
[32mINFO[90m::main::17:31:07 - JKMR record has no 'Other' site visits, skipping...
[33mWARNING[90m::get_jkmr_other_site_visits::17:31:07 - Could not find 'Other' site visits for JKMR record: b1ec999e-9192-45c0-9e6b-2ca5691f5a34
[32mINFO[90m::main::17:31:07 - JKMR record has no 'Other' site visits, skipping...
[33mWARNING[90m::get_jkmr_other_site_visits::17:31:07 - Could not find 'Other' site visits for JKMR record: ca8de416-3bf8-4bb7-a727-9c65a36064cb
[32mINFO[90m::main::17:31:07 - JKMR record has no 'Other' site visits, skipping...
[33mWARNING[90m::get_jkmr_other_site_visits::17:31:07 - Could not find 'Other' site visits for JKMR record: c0541b86-2899-4cc6-91e2-18689136aa14
[32mINFO[90m::main::17:31:07 - JKMR record has no 'Other' site visits, skipping...
[33mWARNING[90m::get_jkmr_other_site_visits::17:31:07 - Could not find 'Other' site visits for JKMR record: 7d56f398-e516-4ea0-82c3-e569686d83a1
[32mINFO[90m::main::17:31:07 - JKMR record has no 'Other' site visits, skipping...
[33mWARNING[90m::get_jkmr_other_site_visits::17:31:07 - Could not find 'Other' site visits for JKMR record: 540f2ce0-8a18-429f-8385-78fe4bd24fb5
[32mINFO[90m::main::17:31:07 - JKMR record has no 'Other' site visits, skipping...
[33mWARNING[90m::get_jkmr_other_site_visits::17:31:07 - Could not find 'Other' site visits for JKMR record: 61da632b-6b6f-48e8-8504-7d8bf354c6d3
[32mINFO[90m::main::17:31:07 - JKMR record has no 'Other' site visits, skipping...
[33mWARNING[90m::get_jkmr_other_site_visits::17:31:07 - Could not find 'Other' site visits for JKMR record: 271965df-21a4-4e86-8686-f10db6038081
[32mINFO[90m::main::17:31:07 - JKMR record has no 'Other' site visits, skipping...
[33mWARNING[90m::get_jkmr_other_site_visits::17:31:07 - Could not find 'Other' site visits for JKMR record: cc14d8ce-e46e-4478-90e4-01f810fd66d5
[32mINFO[90m::main::17:31:07 - JKMR record has no 'Other' site visits, skipping...
[32mDEBUG[90m::get_jkmr_other_site_visits::17:31:07 - Other site visits: [{'updated_at': '1464103022', 'id': '85345a98-35f5-4a29-a976-9c86d14f851c', 'geometry': {'type': 'Point', 'coordinates': [-0.157533511519432, 51.5461417661384]}, 'form_values': {'8f6d': 'yes', 'c4b3': 'yes', 'd7ff': '12:13', '16cd': {'choice_values': ['Phil Cox'], 'other_values': []}, '4bed': '2016-05-19', '2c87': {'sub_admin_area': 'London', 'locality': 'London', 'admin_area': 'England', 'postal_code': 'NW3 4SL', 'country': 'GB', 'suite': None, 'sub_thoroughfare': '67', 'thoroughfare': 'Haverstock Hill'}, 'e37d': {'choice_values': [], 'other_values': ['Dig out by hand of Japanese knotweed rhizome.']}}, 'created_at': '1463656414', 'version': 1, 'created_by_id': '4aff9341-7d7e-4783-a902-601f9a73ac96', 'updated_by_id': '4aff9341-7d7e-4783-a902-601f9a73ac96'}]
[32mINFO[90m::get_jkmr_other_site_visits::17:31:07 - Found 1 'Other' site visits for JKMR record: d611e435-d22e-4686-801a-0d69034e99e2
[32mINFO[90m::find_matching_site_visit_record::17:31:07 - Found matching site visit record for JKMR record: d611e435-d22e-4686-801a-0d69034e99e2 - Q2972 duplicate
[32mDEBUG[90m::compare_comparissons::17:31:07 - Comparisson: {'sub_admin_area': '', 'locality': 'London', 'admin_area': '', 'postal_code': 'NW3 4SL', 'country': '', 'suite': '', 'sub_thoroughfare': '67', 'thoroughfare': 'Haverstock Hill'} == {'sub_thoroughfare': '67', 'thoroughfare': 'Haverstock Hill', 'suite': '', 'locality': 'London', 'sub_admin_area': '', 'admin_area': '', 'postal_code': 'NW3 4SL', 'country': ''}
[32mINFO[90m::main::17:31:07 - Found matching site visit record for JKMR record: d611e435-d22e-4686-801a-0d69034e99e2
[32mDEBUG[90m::main::17:31:07 - Processing the site visit record update
[33mWARNING[90m::get_site_visit_entries::17:31:07 - Could not find 'Other' site visits for site visit record: d710aa13-6e9b-4bf6-9ac8-0b909629eb96
[32mINFO[90m::process_site_visit_record_update::17:31:07 - Could not find a matching site visit for JKMR other visit entry: {'updated_at': '1464103022', 'id': '85345a98-35f5-4a29-a976-9c86d14f851c', 'geometry': {'type': 'Point', 'coordinates': [-0.157533511519432, 51.5461417661384]}, 'form_values': {'8f6d': 'yes', 'c4b3': 'yes', 'd7ff': '12:13', '16cd': {'choice_values': ['Phil Cox'], 'other_values': []}, '4bed': '2016-05-19', '2c87': {'sub_admin_area': 'London', 'locality': 'London', 'admin_area': 'England', 'postal_code': 'NW3 4SL', 'country': 'GB', 'suite': None, 'sub_thoroughfare': '67', 'thoroughfare': 'Haverstock Hill'}, 'e37d': {'choice_values': [], 'other_values': ['Dig out by hand of Japanese knotweed rhizome.']}}, 'created_at': '1463656414', 'version': 1, 'created_by_id': '4aff9341-7d7e-4783-a902-601f9a73ac96', 'updated_by_id': '4aff9341-7d7e-4783-a902-601f9a73ac96'}
[32mDEBUG[90m::process_new_site_visit_entry::17:31:07 - Found key code for JKMR data name: "treatment_date" -> "4bed"
[32mDEBUG[90m::process_new_site_visit_entry::17:31:07 - Found key code for SITE VISIT RECORDS data name: "visit_date" -> "8eaf"
[32mDEBUG[90m::process_new_site_visit_entry::17:31:07 - Adding key code mapping for "treatment_date" -> "visit_date"
[32mDEBUG[90m::process_new_site_visit_entry::17:31:07 - Found key code for JKMR data name: "treatment_start_time" -> "d7ff"
[32mDEBUG[90m::process_new_site_visit_entry::17:31:07 - Found key code for SITE VISIT RECORDS data name: "start_time" -> "2a76"
[32mDEBUG[90m::process_new_site_visit_entry::17:31:07 - Adding key code mapping for "treatment_start_time" -> "start_time"
[32mDEBUG[90m::process_new_site_visit_entry::17:31:07 - Found key code for JKMR data name: "technicians_names" -> "16cd"
[32mDEBUG[90m::process_new_site_visit_entry::17:31:07 - Found key code for SITE VISIT RECORDS data name: "personnel_details_qualifications" -> "385f"
[32mDEBUG[90m::process_new_site_visit_entry::17:31:07 - Adding key code mapping for "technicians_names" -> "personnel_details_qualifications"
[32mDEBUG[90m::process_new_site_visit_entry::17:31:07 - Found key code for JKMR data name: "treatment_types" -> "e37d"
[32mDEBUG[90m::process_new_site_visit_entry::17:31:07 - Found key code for SITE VISIT RECORDS data name: "visit_type_japanese_knotweed_other" -> "113b"
[32mDEBUG[90m::process_new_site_visit_entry::17:31:07 - Adding key code mapping for "treatment_types" -> "visit_type_japanese_knotweed_other"
[32mDEBUG[90m::process_new_site_visit_entry::17:31:07 - Found key code for JKMR data name: "does_site_for_treatment_meet_generic_rams_criteria" -> "c4b3"
[32mDEBUG[90m::process_new_site_visit_entry::17:31:07 - Found key code for SITE VISIT RECORDS data name: "does_site_meet_raams_criteria" -> "c4b3"
[32mDEBUG[90m::process_new_site_visit_entry::17:31:07 - Adding key code mapping for "does_site_for_treatment_meet_generic_rams_criteria" -> "does_site_meet_raams_criteria"
[32mDEBUG[90m::process_new_site_visit_entry::17:31:07 - Found key code for JKMR data name: "can_the_additional_treatment_proceed" -> "98f1"
[32mDEBUG[90m::process_new_site_visit_entry::17:31:07 - Found key code for SITE VISIT RECORDS data name: "can_the_planned_works_proceed" -> "98f1"
[32mDEBUG[90m::process_new_site_visit_entry::17:31:07 - Adding key code mapping for "can_the_additional_treatment_proceed" -> "can_the_planned_works_proceed"
[32mDEBUG[90m::process_new_site_visit_entry::17:31:07 - Found key code for JKMR data name: "site_specific_risk_assessment_additional_treatment" -> "5632"
[32mDEBUG[90m::process_new_site_visit_entry::17:31:07 - Found key code for SITE VISIT RECORDS data name: "site_specific_risk_assessment" -> "5632"
[32mDEBUG[90m::process_new_site_visit_entry::17:31:07 - Adding key code mapping for "site_specific_risk_assessment_additional_treatment" -> "site_specific_risk_assessment"
[32mDEBUG[90m::process_new_site_visit_entry::17:31:07 - Found key code for JKMR data name: "additional_treatment_not_proceeding_reasons" -> "3486"
[32mDEBUG[90m::process_new_site_visit_entry::17:31:07 - Found key code for SITE VISIT RECORDS data name: "site_specific_risk_assessment" -> "5632"
[32mDEBUG[90m::process_new_site_visit_entry::17:31:07 - Adding key code mapping for "additional_treatment_not_proceeding_reasons" -> "site_specific_risk_assessment"
[32mDEBUG[90m::process_new_site_visit_entry::17:31:07 - Found key code for JKMR data name: "supplementary_treatment_carried_out" -> "8f6d"
[32mDEBUG[90m::process_new_site_visit_entry::17:31:07 - Found key code for SITE VISIT RECORDS data name: "supplementary_treatment_carried_out" -> "9090"
[32mDEBUG[90m::process_new_site_visit_entry::17:31:07 - Adding key code mapping for "supplementary_treatment_carried_out" -> "supplementary_treatment_carried_out"
[32mDEBUG[90m::process_new_site_visit_entry::17:31:07 - Found key code for JKMR data name: "reasons_for_treatment_not_proceeding_or_interrupted" -> "35bc"
[32mDEBUG[90m::process_new_site_visit_entry::17:31:07 - Found key code for SITE VISIT RECORDS data name: "reasons_for_treatment_not_taking_place_or_treatment_other" -> "c510"
[32mDEBUG[90m::process_new_site_visit_entry::17:31:07 - Adding key code mapping for "reasons_for_treatment_not_proceeding_or_interrupted" -> "reasons_for_treatment_not_taking_place_or_treatment_other"
[32mDEBUG[90m::process_new_site_visit_entry::17:31:07 - Found key code for JKMR data name: "supplementary_treatment_notes" -> "2227"
[32mDEBUG[90m::process_new_site_visit_entry::17:31:07 - Found key code for SITE VISIT RECORDS data name: "notes" -> "2d29"
[32mDEBUG[90m::process_new_site_visit_entry::17:31:07 - Adding key code mapping for "supplementary_treatment_notes" -> "notes"
[33mWARNING[90m::process_new_site_visit_entry::17:31:07 - Skipping key code mapping for "audio_notes" -> "", because one of the values is empty
[32mDEBUG[90m::process_new_site_visit_entry::17:31:07 - Found key code for JKMR data name: "supplementary_treatment_photos" -> "35fb"
[32mDEBUG[90m::process_new_site_visit_entry::17:31:07 - Found key code for SITE VISIT RECORDS data name: "photos" -> "e77c"
[32mDEBUG[90m::process_new_site_visit_entry::17:31:07 - Adding key code mapping for "supplementary_treatment_photos" -> "photos"
[32mDEBUG[90m::process_new_site_visit_entry::17:31:07 - Found key code for JKMR data name: "supplementary_treatment_video" -> "6821"
[32mDEBUG[90m::process_new_site_visit_entry::17:31:07 - Found key code for SITE VISIT RECORDS data name: "video" -> "8fb1"
[32mDEBUG[90m::process_new_site_visit_entry::17:31:07 - Adding key code mapping for "supplementary_treatment_video" -> "video"
[32mDEBUG[90m::process_new_site_visit_entry::17:31:07 - Translating key: "4bed" -> "8eaf" for data name: "treatment_date"
[32mDEBUG[90m::process_new_site_visit_entry::17:31:07 - Translating key: "d7ff" -> "2a76" for data name: "treatment_start_time"
[32mDEBUG[90m::process_new_site_visit_entry::17:31:07 - Translating key: "16cd" -> "385f" for data name: "technicians_names"
[32mDEBUG[90m::process_new_site_visit_entry::17:31:07 - Translating key: "e37d" -> "113b" for data name: "treatment_types"
[32mDEBUG[90m::process_new_site_visit_entry::17:31:07 - Translating key: "c4b3" -> "c4b3" for data name: "does_site_for_treatment_meet_generic_rams_criteria"
[33mWARNING[90m::process_new_site_visit_entry::17:31:07 - Skipping the translation of key: "98f1" since it was not found in JKMR other visit entry: {'updated_at': '1464103022', 'id': '85345a98-35f5-4a29-a976-9c86d14f851c', 'geometry': {'type': 'Point', 'coordinates': [-0.157533511519432, 51.5461417661384]}, 'form_values': {'8f6d': 'yes', '2c87': {'sub_admin_area': 'London', 'locality': 'London', 'admin_area': 'England', 'postal_code': 'NW3 4SL', 'country': 'GB', 'suite': None, 'sub_thoroughfare': '67', 'thoroughfare': 'Haverstock Hill'}, '8eaf': '2016-05-19', '2a76': '12:13', '385f': {'choice_values': ['Phil Cox'], 'other_values': []}, '113b': {'choice_values': [], 'other_values': ['Dig out by hand of Japanese knotweed rhizome.']}, 'c4b3': 'yes'}, 'created_at': '1463656414', 'version': 1, 'created_by_id': '4aff9341-7d7e-4783-a902-601f9a73ac96', 'updated_by_id': '4aff9341-7d7e-4783-a902-601f9a73ac96'}
[33mWARNING[90m::process_new_site_visit_entry::17:31:07 - Skipping the translation of key: "5632" since it was not found in JKMR other visit entry: {'updated_at': '1464103022', 'id': '85345a98-35f5-4a29-a976-9c86d14f851c', 'geometry': {'type': 'Point', 'coordinates': [-0.157533511519432, 51.5461417661384]}, 'form_values': {'8f6d': 'yes', '2c87': {'sub_admin_area': 'London', 'locality': 'London', 'admin_area': 'England', 'postal_code': 'NW3 4SL', 'country': 'GB', 'suite': None, 'sub_thoroughfare': '67', 'thoroughfare': 'Haverstock Hill'}, '8eaf': '2016-05-19', '2a76': '12:13', '385f': {'choice_values': ['Phil Cox'], 'other_values': []}, '113b': {'choice_values': [], 'other_values': ['Dig out by hand of Japanese knotweed rhizome.']}, 'c4b3': 'yes'}, 'created_at': '1463656414', 'version': 1, 'created_by_id': '4aff9341-7d7e-4783-a902-601f9a73ac96', 'updated_by_id': '4aff9341-7d7e-4783-a902-601f9a73ac96'}
[33mWARNING[90m::process_new_site_visit_entry::17:31:07 - Skipping the translation of key: "3486" since it was not found in JKMR other visit entry: {'updated_at': '1464103022', 'id': '85345a98-35f5-4a29-a976-9c86d14f851c', 'geometry': {'type': 'Point', 'coordinates': [-0.157533511519432, 51.5461417661384]}, 'form_values': {'8f6d': 'yes', '2c87': {'sub_admin_area': 'London', 'locality': 'London', 'admin_area': 'England', 'postal_code': 'NW3 4SL', 'country': 'GB', 'suite': None, 'sub_thoroughfare': '67', 'thoroughfare': 'Haverstock Hill'}, '8eaf': '2016-05-19', '2a76': '12:13', '385f': {'choice_values': ['Phil Cox'], 'other_values': []}, '113b': {'choice_values': [], 'other_values': ['Dig out by hand of Japanese knotweed rhizome.']}, 'c4b3': 'yes'}, 'created_at': '1463656414', 'version': 1, 'created_by_id': '4aff9341-7d7e-4783-a902-601f9a73ac96', 'updated_by_id': '4aff9341-7d7e-4783-a902-601f9a73ac96'}
[32mDEBUG[90m::process_new_site_visit_entry::17:31:07 - Translating key: "8f6d" -> "9090" for data name: "supplementary_treatment_carried_out"
[33mWARNING[90m::process_new_site_visit_entry::17:31:07 - Skipping the translation of key: "35bc" since it was not found in JKMR other visit entry: {'updated_at': '1464103022', 'id': '85345a98-35f5-4a29-a976-9c86d14f851c', 'geometry': {'type': 'Point', 'coordinates': [-0.157533511519432, 51.5461417661384]}, 'form_values': {'2c87': {'sub_admin_area': 'London', 'locality': 'London', 'admin_area': 'England', 'postal_code': 'NW3 4SL', 'country': 'GB', 'suite': None, 'sub_thoroughfare': '67', 'thoroughfare': 'Haverstock Hill'}, '8eaf': '2016-05-19', '2a76': '12:13', '385f': {'choice_values': ['Phil Cox'], 'other_values': []}, '113b': {'choice_values': [], 'other_values': ['Dig out by hand of Japanese knotweed rhizome.']}, 'c4b3': 'yes', '9090': 'yes'}, 'created_at': '1463656414', 'version': 1, 'created_by_id': '4aff9341-7d7e-4783-a902-601f9a73ac96', 'updated_by_id': '4aff9341-7d7e-4783-a902-601f9a73ac96'}
[33mWARNING[90m::process_new_site_visit_entry::17:31:07 - Skipping the translation of key: "2227" since it was not found in JKMR other visit entry: {'updated_at': '1464103022', 'id': '85345a98-35f5-4a29-a976-9c86d14f851c', 'geometry': {'type': 'Point', 'coordinates': [-0.157533511519432, 51.5461417661384]}, 'form_values': {'2c87': {'sub_admin_area': 'London', 'locality': 'London', 'admin_area': 'England', 'postal_code': 'NW3 4SL', 'country': 'GB', 'suite': None, 'sub_thoroughfare': '67', 'thoroughfare': 'Haverstock Hill'}, '8eaf': '2016-05-19', '2a76': '12:13', '385f': {'choice_values': ['Phil Cox'], 'other_values': []}, '113b': {'choice_values': [], 'other_values': ['Dig out by hand of Japanese knotweed rhizome.']}, 'c4b3': 'yes', '9090': 'yes'}, 'created_at': '1463656414', 'version': 1, 'created_by_id': '4aff9341-7d7e-4783-a902-601f9a73ac96', 'updated_by_id': '4aff9341-7d7e-4783-a902-601f9a73ac96'}
[33mWARNING[90m::process_new_site_visit_entry::17:31:07 - Skipping the translation of key: "35fb" since it was not found in JKMR other visit entry: {'updated_at': '1464103022', 'id': '85345a98-35f5-4a29-a976-9c86d14f851c', 'geometry': {'type': 'Point', 'coordinates': [-0.157533511519432, 51.5461417661384]}, 'form_values': {'2c87': {'sub_admin_area': 'London', 'locality': 'London', 'admin_area': 'England', 'postal_code': 'NW3 4SL', 'country': 'GB', 'suite': None, 'sub_thoroughfare': '67', 'thoroughfare': 'Haverstock Hill'}, '8eaf': '2016-05-19', '2a76': '12:13', '385f': {'choice_values': ['Phil Cox'], 'other_values': []}, '113b': {'choice_values': [], 'other_values': ['Dig out by hand of Japanese knotweed rhizome.']}, 'c4b3': 'yes', '9090': 'yes'}, 'created_at': '1463656414', 'version': 1, 'created_by_id': '4aff9341-7d7e-4783-a902-601f9a73ac96', 'updated_by_id': '4aff9341-7d7e-4783-a902-601f9a73ac96'}
[33mWARNING[90m::process_new_site_visit_entry::17:31:07 - Skipping the translation of key: "6821" since it was not found in JKMR other visit entry: {'updated_at': '1464103022', 'id': '85345a98-35f5-4a29-a976-9c86d14f851c', 'geometry': {'type': 'Point', 'coordinates': [-0.157533511519432, 51.5461417661384]}, 'form_values': {'2c87': {'sub_admin_area': 'London', 'locality': 'London', 'admin_area': 'England', 'postal_code': 'NW3 4SL', 'country': 'GB', 'suite': None, 'sub_thoroughfare': '67', 'thoroughfare': 'Haverstock Hill'}, '8eaf': '2016-05-19', '2a76': '12:13', '385f': {'choice_values': ['Phil Cox'], 'other_values': []}, '113b': {'choice_values': [], 'other_values': ['Dig out by hand of Japanese knotweed rhizome.']}, 'c4b3': 'yes', '9090': 'yes'}, 'created_at': '1463656414', 'version': 1, 'created_by_id': '4aff9341-7d7e-4783-a902-601f9a73ac96', 'updated_by_id': '4aff9341-7d7e-4783-a902-601f9a73ac96'}
